{"timestamp":"2025-10-24T03:21:33.250Z","level":"INFO","message":"Attempting to connect to MongoDB","uri":"URI provided"}
{"timestamp":"2025-10-24T03:21:33.517Z","level":"INFO","message":"Initializing Email Service","host":"smtp.gmail.com","port":587,"secure":false,"environment":"development","user":"Configured"}
{"timestamp":"2025-10-24T03:21:34.808Z","level":"INFO","message":"MongoDB Connected Successfully","host":"ac-tcrbnhx-shard-00-00.igezekd.mongodb.net","database":"academic_management","port":27017}
{"timestamp":"2025-10-24T03:21:34.809Z","level":"INFO","message":"Checking for Master Admin user"}
{"timestamp":"2025-10-24T03:21:35.148Z","level":"INFO","message":"Master Admin already exists","email":"carelinkdesk@gmail.com","hasLoggedIn":true}
{"timestamp":"2025-10-24T03:21:35.678Z","level":"INFO","message":"✓ Email service connection verified successfully"}
{"timestamp":"2025-10-24T03:22:31.503Z","level":"INFO","message":"Login attempt","email":"carelinkdesk@gmail.com"}
{"timestamp":"2025-10-24T03:22:32.175Z","level":"INFO","message":"Authentication Event","event":"LOGIN_SUCCESS","userId":"68e353c534d8884ad5c59fad","userEmail":"carelinkdesk@gmail.com","userRole":"master_admin","ip":"::1"}
{"timestamp":"2025-10-24T03:22:32.183Z","level":"INFO","message":"Login successful","userId":"68e353c534d8884ad5c59fad","email":"carelinkdesk@gmail.com","role":"master_admin"}
{"timestamp":"2025-10-24T03:22:32.281Z","level":"INFO","message":"Fetching dashboard analytics","userId":"68e353c534d8884ad5c59fad"}
{"timestamp":"2025-10-24T03:22:32.917Z","level":"INFO","message":"Dashboard analytics fetched successfully","totalColleges":1,"totalStudents":16,"activeExams":1,"recentActivityCount":6}
{"timestamp":"2025-10-24T03:22:32.954Z","level":"INFO","message":"Fetching dashboard analytics","userId":"68e353c534d8884ad5c59fad"}
{"timestamp":"2025-10-24T03:22:33.570Z","level":"INFO","message":"Dashboard analytics fetched successfully","totalColleges":1,"totalStudents":16,"activeExams":1,"recentActivityCount":6}
{"timestamp":"2025-10-24T03:26:18.803Z","level":"INFO","message":"Get current user request","userId":"68e353c534d8884ad5c59fad"}
{"timestamp":"2025-10-24T03:26:18.942Z","level":"INFO","message":"Fetching dashboard analytics","userId":"68e353c534d8884ad5c59fad"}
{"timestamp":"2025-10-24T03:26:19.545Z","level":"INFO","message":"Dashboard analytics fetched successfully","totalColleges":1,"totalStudents":16,"activeExams":1,"recentActivityCount":6}
{"timestamp":"2025-10-24T03:26:19.584Z","level":"INFO","message":"Fetching dashboard analytics","userId":"68e353c534d8884ad5c59fad"}
{"timestamp":"2025-10-24T03:26:20.205Z","level":"INFO","message":"Dashboard analytics fetched successfully","totalColleges":1,"totalStudents":16,"activeExams":1,"recentActivityCount":6}
{"timestamp":"2025-10-24T03:26:20.968Z","level":"INFO","message":"Fetching dashboard analytics","userId":"68e353c534d8884ad5c59fad"}
{"timestamp":"2025-10-24T03:26:20.971Z","level":"INFO","message":"Get current user request","userId":"68e353c534d8884ad5c59fad"}
{"timestamp":"2025-10-24T03:26:21.538Z","level":"INFO","message":"Dashboard analytics fetched successfully","totalColleges":1,"totalStudents":16,"activeExams":1,"recentActivityCount":6}
{"timestamp":"2025-10-24T03:26:21.573Z","level":"INFO","message":"Fetching dashboard analytics","userId":"68e353c534d8884ad5c59fad"}
{"timestamp":"2025-10-24T03:26:22.395Z","level":"INFO","message":"Dashboard analytics fetched successfully","totalColleges":1,"totalStudents":16,"activeExams":1,"recentActivityCount":6}
{"timestamp":"2025-10-24T03:26:22.432Z","level":"INFO","message":"Fetching dashboard analytics","userId":"68e353c534d8884ad5c59fad"}
{"timestamp":"2025-10-24T03:26:23.001Z","level":"INFO","message":"Dashboard analytics fetched successfully","totalColleges":1,"totalStudents":16,"activeExams":1,"recentActivityCount":6}
{"timestamp":"2025-10-24T03:29:42.846Z","level":"INFO","message":"Fetching dashboard analytics","userId":"68e353c534d8884ad5c59fad"}
{"timestamp":"2025-10-24T03:29:43.509Z","level":"INFO","message":"Dashboard analytics fetched successfully","totalColleges":1,"totalStudents":16,"activeExams":1,"recentActivityCount":6}
{"timestamp":"2025-10-24T03:31:49.452Z","level":"INFO","message":"Attempting to connect to MongoDB","uri":"URI provided"}
{"timestamp":"2025-10-24T03:31:49.572Z","level":"INFO","message":"Initializing Email Service","host":"smtp.gmail.com","port":587,"secure":false,"environment":"development","user":"Configured"}
{"timestamp":"2025-10-24T03:32:47.181Z","level":"INFO","message":"Attempting to connect to MongoDB","uri":"URI provided"}
{"timestamp":"2025-10-24T03:32:47.301Z","level":"INFO","message":"Initializing Email Service","host":"smtp.gmail.com","port":587,"secure":false,"environment":"development","user":"Configured"}
{"timestamp":"2025-10-24T03:32:48.199Z","level":"INFO","message":"MongoDB Connected Successfully","host":"ac-tcrbnhx-shard-00-00.igezekd.mongodb.net","database":"academic_management","port":27017}
{"timestamp":"2025-10-24T03:32:48.200Z","level":"INFO","message":"Checking for Master Admin user"}
{"timestamp":"2025-10-24T03:32:48.567Z","level":"INFO","message":"Master Admin already exists","email":"carelinkdesk@gmail.com","hasLoggedIn":true}
{"timestamp":"2025-10-24T03:32:48.895Z","level":"INFO","message":"✓ Email service connection verified successfully"}
{"timestamp":"2025-10-24T03:32:58.549Z","level":"INFO","message":"Login attempt","email":"carelinkdesk@gmail.com"}
{"timestamp":"2025-10-24T03:32:59.235Z","level":"INFO","message":"Authentication Event","event":"LOGIN_SUCCESS","userId":"68e353c534d8884ad5c59fad","userEmail":"carelinkdesk@gmail.com","userRole":"master_admin","ip":"::1"}
{"timestamp":"2025-10-24T03:32:59.243Z","level":"INFO","message":"Login successful","userId":"68e353c534d8884ad5c59fad","email":"carelinkdesk@gmail.com","role":"master_admin"}
{"timestamp":"2025-10-24T03:32:59.353Z","level":"INFO","message":"Fetching dashboard analytics","userId":"68e353c534d8884ad5c59fad"}
{"timestamp":"2025-10-24T03:32:59.983Z","level":"INFO","message":"Dashboard analytics fetched successfully","totalColleges":1,"totalStudents":16,"activeExams":1,"recentActivityCount":6}
{"timestamp":"2025-10-24T03:33:00.023Z","level":"INFO","message":"Fetching dashboard analytics","userId":"68e353c534d8884ad5c59fad"}
{"timestamp":"2025-10-24T03:33:00.594Z","level":"INFO","message":"Dashboard analytics fetched successfully","totalColleges":1,"totalStudents":16,"activeExams":1,"recentActivityCount":6}
{"timestamp":"2025-10-24T03:41:10.382Z","level":"INFO","message":"Attempting to connect to MongoDB","uri":"URI provided"}
{"timestamp":"2025-10-24T03:41:10.494Z","level":"INFO","message":"Initializing Email Service","host":"smtp.gmail.com","port":587,"secure":false,"environment":"development","user":"Configured"}
{"timestamp":"2025-10-24T03:41:11.471Z","level":"INFO","message":"MongoDB Connected Successfully","host":"ac-tcrbnhx-shard-00-00.igezekd.mongodb.net","database":"academic_management","port":27017}
{"timestamp":"2025-10-24T03:41:11.473Z","level":"INFO","message":"Checking for Master Admin user"}
{"timestamp":"2025-10-24T03:41:11.814Z","level":"INFO","message":"Master Admin already exists","email":"carelinkdesk@gmail.com","hasLoggedIn":true}
{"timestamp":"2025-10-24T03:41:12.299Z","level":"INFO","message":"✓ Email service connection verified successfully"}
{"timestamp":"2025-10-24T03:43:27.941Z","level":"INFO","message":"Attempting to connect to MongoDB","uri":"URI provided"}
{"timestamp":"2025-10-24T03:43:28.057Z","level":"INFO","message":"Initializing Email Service","host":"smtp.gmail.com","port":587,"secure":false,"environment":"development","user":"Configured"}
{"timestamp":"2025-10-24T03:43:29.030Z","level":"INFO","message":"MongoDB Connected Successfully","host":"ac-tcrbnhx-shard-00-00.igezekd.mongodb.net","database":"academic_management","port":27017}
{"timestamp":"2025-10-24T03:43:29.031Z","level":"INFO","message":"Checking for Master Admin user"}
{"timestamp":"2025-10-24T03:43:29.357Z","level":"INFO","message":"Master Admin already exists","email":"carelinkdesk@gmail.com","hasLoggedIn":true}
{"timestamp":"2025-10-24T03:43:29.731Z","level":"INFO","message":"✓ Email service connection verified successfully"}
{"timestamp":"2025-10-24T03:45:26.090Z","level":"INFO","message":"Attempting to connect to MongoDB","uri":"URI provided"}
{"timestamp":"2025-10-24T03:45:26.404Z","level":"INFO","message":"Initializing Email Service","host":"smtp.gmail.com","port":587,"secure":false,"environment":"development","user":"Configured"}
{"timestamp":"2025-10-24T03:45:56.782Z","level":"INFO","message":"Attempting to connect to MongoDB","uri":"URI provided"}
{"timestamp":"2025-10-24T03:45:57.074Z","level":"INFO","message":"Initializing Email Service","host":"smtp.gmail.com","port":587,"secure":false,"environment":"development","user":"Configured"}
{"timestamp":"2025-10-24T03:45:58.671Z","level":"INFO","message":"MongoDB Connected Successfully","host":"ac-tcrbnhx-shard-00-00.igezekd.mongodb.net","database":"academic_management","port":27017}
{"timestamp":"2025-10-24T03:45:58.676Z","level":"INFO","message":"Checking for Master Admin user"}
{"timestamp":"2025-10-24T03:45:59.054Z","level":"INFO","message":"Master Admin already exists","email":"carelinkdesk@gmail.com","hasLoggedIn":true}
{"timestamp":"2025-10-24T03:45:59.371Z","level":"INFO","message":"✓ Email service connection verified successfully"}
{"timestamp":"2025-10-24T03:48:02.842Z","level":"INFO","message":"Attempting to connect to MongoDB","uri":"URI provided"}
{"timestamp":"2025-10-24T03:48:03.160Z","level":"INFO","message":"Initializing Email Service","host":"smtp.gmail.com","port":587,"secure":false,"environment":"development","user":"Configured"}
{"timestamp":"2025-10-24T03:48:04.791Z","level":"INFO","message":"MongoDB Connected Successfully","host":"ac-tcrbnhx-shard-00-00.igezekd.mongodb.net","database":"academic_management","port":27017}
{"timestamp":"2025-10-24T03:48:04.794Z","level":"INFO","message":"Checking for Master Admin user"}
{"timestamp":"2025-10-24T03:48:05.187Z","level":"INFO","message":"Master Admin already exists","email":"carelinkdesk@gmail.com","hasLoggedIn":true}
{"timestamp":"2025-10-24T03:48:05.379Z","level":"INFO","message":"✓ Email service connection verified successfully"}
{"timestamp":"2025-10-24T03:49:20.071Z","level":"INFO","message":"Attempting to connect to MongoDB","uri":"URI provided"}
{"timestamp":"2025-10-24T03:49:20.245Z","level":"INFO","message":"Initializing Email Service","host":"smtp.gmail.com","port":587,"secure":false,"environment":"development","user":"Configured"}
{"timestamp":"2025-10-24T03:49:21.334Z","level":"INFO","message":"MongoDB Connected Successfully","host":"ac-tcrbnhx-shard-00-00.igezekd.mongodb.net","database":"academic_management","port":27017}
{"timestamp":"2025-10-24T03:49:21.336Z","level":"INFO","message":"Checking for Master Admin user"}
{"timestamp":"2025-10-24T03:49:21.687Z","level":"INFO","message":"Master Admin already exists","email":"carelinkdesk@gmail.com","hasLoggedIn":true}
{"timestamp":"2025-10-24T03:49:21.965Z","level":"INFO","message":"✓ Email service connection verified successfully"}
{"timestamp":"2025-10-24T03:49:25.345Z","level":"INFO","message":"Fetching dashboard analytics","userId":"68e353c534d8884ad5c59fad"}
{"timestamp":"2025-10-24T03:49:26.124Z","level":"INFO","message":"Dashboard analytics fetched successfully","totalColleges":1,"totalStudents":16,"activeExams":2,"recentActivityCount":6}
{"timestamp":"2025-10-24T03:49:37.943Z","level":"INFO","message":"Sending test assignment notification","to":"bobbysarath006@gmail.com","testName":"Coding","collegeName":"kite"}
{"timestamp":"2025-10-24T03:49:41.822Z","level":"INFO","message":"✓ Email sent successfully","to":"bobbysarath006@gmail.com","subject":"New Test Assignment - Coding","attempt":1,"messageId":"<5db92b85-be8f-5e24-8bb0-79b414d65771@gmail.com>"}
{"timestamp":"2025-10-24T03:50:04.248Z","level":"INFO","message":"Login attempt","email":"bobbysarath006@gmail.com"}
{"timestamp":"2025-10-24T03:50:05.650Z","level":"INFO","message":"Authentication Event","event":"LOGIN_SUCCESS","userId":"68e377674ca3ead847bbb057","userEmail":"bobbysarath006@gmail.com","userRole":"college_admin","ip":"::1"}
{"timestamp":"2025-10-24T03:50:05.665Z","level":"INFO","message":"Login successful","userId":"68e377674ca3ead847bbb057","email":"bobbysarath006@gmail.com","role":"college_admin"}
{"timestamp":"2025-10-24T03:50:24.591Z","level":"INFO","message":"Sending test assignment to student","to":"patnalasrikrishnasai@gmail.com","testName":"Coding"}
{"timestamp":"2025-10-24T03:50:27.711Z","level":"INFO","message":"✓ Email sent successfully","to":"patnalasrikrishnasai@gmail.com","subject":"Test Assignment - Coding","attempt":1,"messageId":"<97d2307c-5025-0781-2902-931b97d782f0@gmail.com>"}
{"timestamp":"2025-10-24T03:50:51.233Z","level":"INFO","message":"Login attempt","email":"patnalasrikrishnasai@gmail.com"}
{"timestamp":"2025-10-24T03:50:52.449Z","level":"INFO","message":"Authentication Event","event":"LOGIN_SUCCESS","userId":"68e4e12274354579028f3845","userEmail":"patnalasrikrishnasai@gmail.com","userRole":"student","ip":"::1"}
{"timestamp":"2025-10-24T03:50:52.460Z","level":"INFO","message":"Login successful","userId":"68e4e12274354579028f3845","email":"patnalasrikrishnasai@gmail.com","role":"student"}
{"timestamp":"2025-10-24T03:52:05.846Z","level":"INFO","message":"Get current user request","userId":"68e4e12274354579028f3845"}
{"timestamp":"2025-10-24T03:52:06.013Z","level":"INFO","message":"Get current user request","userId":"68e4e12274354579028f3845"}
{"timestamp":"2025-10-24T03:55:29.216Z","level":"INFO","message":"Get current user request","userId":"68e4e12274354579028f3845"}
{"timestamp":"2025-10-24T03:55:29.385Z","level":"INFO","message":"Get current user request","userId":"68e4e12274354579028f3845"}
{"timestamp":"2025-10-24T04:04:06.865Z","level":"INFO","message":"Get current user request","userId":"68e4e12274354579028f3845"}
{"timestamp":"2025-10-24T04:04:07.027Z","level":"INFO","message":"Get current user request","userId":"68e4e12274354579028f3845"}
{"timestamp":"2025-10-24T04:07:58.261Z","level":"INFO","message":"Get current user request","userId":"68e4e12274354579028f3845"}
{"timestamp":"2025-10-24T04:07:58.421Z","level":"INFO","message":"Get current user request","userId":"68e4e12274354579028f3845"}
{"timestamp":"2025-10-24T04:08:59.288Z","level":"INFO","message":"Attempting to connect to MongoDB","uri":"URI provided"}
{"timestamp":"2025-10-24T04:08:59.545Z","level":"INFO","message":"Initializing Email Service","host":"smtp.gmail.com","port":587,"secure":false,"environment":"development","user":"Configured"}
{"timestamp":"2025-10-24T04:09:00.968Z","level":"INFO","message":"MongoDB Connected Successfully","host":"ac-tcrbnhx-shard-00-00.igezekd.mongodb.net","database":"academic_management","port":27017}
{"timestamp":"2025-10-24T04:09:00.971Z","level":"INFO","message":"Checking for Master Admin user"}
{"timestamp":"2025-10-24T04:09:01.386Z","level":"INFO","message":"Master Admin already exists","email":"carelinkdesk@gmail.com","hasLoggedIn":true}
{"timestamp":"2025-10-24T04:09:01.849Z","level":"INFO","message":"✓ Email service connection verified successfully"}
{"timestamp":"2025-10-24T04:10:09.357Z","level":"INFO","message":"Attempting to connect to MongoDB","uri":"URI provided"}
{"timestamp":"2025-10-24T04:10:09.636Z","level":"INFO","message":"Initializing Email Service","host":"smtp.gmail.com","port":587,"secure":false,"environment":"development","user":"Configured"}
{"timestamp":"2025-10-24T04:10:11.115Z","level":"INFO","message":"MongoDB Connected Successfully","host":"ac-tcrbnhx-shard-00-00.igezekd.mongodb.net","database":"academic_management","port":27017}
{"timestamp":"2025-10-24T04:10:11.119Z","level":"INFO","message":"Checking for Master Admin user"}
{"timestamp":"2025-10-24T04:10:11.506Z","level":"INFO","message":"Master Admin already exists","email":"carelinkdesk@gmail.com","hasLoggedIn":true}
{"timestamp":"2025-10-24T04:10:11.865Z","level":"INFO","message":"✓ Email service connection verified successfully"}
{"timestamp":"2025-10-24T04:10:55.909Z","level":"INFO","message":"Attempting to connect to MongoDB","uri":"URI provided"}
{"timestamp":"2025-10-24T04:10:56.083Z","level":"INFO","message":"Initializing Email Service","host":"smtp.gmail.com","port":587,"secure":false,"environment":"development","user":"Configured"}
{"timestamp":"2025-10-24T04:10:57.247Z","level":"INFO","message":"MongoDB Connected Successfully","host":"ac-tcrbnhx-shard-00-00.igezekd.mongodb.net","database":"academic_management","port":27017}
{"timestamp":"2025-10-24T04:10:57.251Z","level":"INFO","message":"Checking for Master Admin user"}
{"timestamp":"2025-10-24T04:10:57.622Z","level":"INFO","message":"Master Admin already exists","email":"carelinkdesk@gmail.com","hasLoggedIn":true}
{"timestamp":"2025-10-24T04:10:58.111Z","level":"INFO","message":"✓ Email service connection verified successfully"}
{"timestamp":"2025-10-24T04:11:32.877Z","level":"INFO","message":"Login attempt","email":"patnalasrikrishnasai@gmail.com"}
{"timestamp":"2025-10-24T04:11:34.363Z","level":"INFO","message":"Authentication Event","event":"LOGIN_SUCCESS","userId":"68e4e12274354579028f3845","userEmail":"patnalasrikrishnasai@gmail.com","userRole":"student","ip":"::1"}
{"timestamp":"2025-10-24T04:11:34.379Z","level":"INFO","message":"Login successful","userId":"68e4e12274354579028f3845","email":"patnalasrikrishnasai@gmail.com","role":"student"}
{"timestamp":"2025-10-24T04:13:32.341Z","level":"INFO","message":"Attempting to connect to MongoDB","uri":"URI provided"}
{"timestamp":"2025-10-24T04:13:32.603Z","level":"INFO","message":"Initializing Email Service","host":"smtp.gmail.com","port":587,"secure":false,"environment":"development","user":"Configured"}
{"timestamp":"2025-10-24T04:13:46.450Z","level":"INFO","message":"Attempting to connect to MongoDB","uri":"URI provided"}
{"timestamp":"2025-10-24T04:13:46.649Z","level":"INFO","message":"Initializing Email Service","host":"smtp.gmail.com","port":587,"secure":false,"environment":"development","user":"Configured"}
{"timestamp":"2025-10-24T04:13:47.882Z","level":"INFO","message":"MongoDB Connected Successfully","host":"ac-tcrbnhx-shard-00-00.igezekd.mongodb.net","database":"academic_management","port":27017}
{"timestamp":"2025-10-24T04:13:47.884Z","level":"INFO","message":"Checking for Master Admin user"}
{"timestamp":"2025-10-24T04:13:48.224Z","level":"INFO","message":"Master Admin already exists","email":"carelinkdesk@gmail.com","hasLoggedIn":true}
{"timestamp":"2025-10-24T04:13:48.538Z","level":"INFO","message":"✓ Email service connection verified successfully"}
{"timestamp":"2025-10-24T04:15:47.853Z","level":"INFO","message":"Get current user request","userId":"68e4e12274354579028f3845"}
{"timestamp":"2025-10-24T04:15:48.005Z","level":"INFO","message":"Get current user request","userId":"68e4e12274354579028f3845"}
{"timestamp":"2025-10-24T04:18:42.780Z","level":"INFO","message":"Get current user request","userId":"68e4e12274354579028f3845"}
{"timestamp":"2025-10-24T04:18:42.981Z","level":"INFO","message":"Get current user request","userId":"68e4e12274354579028f3845"}
{"timestamp":"2025-10-24T09:46:51.292Z","level":"INFO","message":"Attempting to connect to MongoDB","uri":"URI provided"}
{"timestamp":"2025-10-24T09:46:51.413Z","level":"INFO","message":"Initializing Email Service","host":"smtp.gmail.com","port":587,"secure":false,"environment":"development","user":"Configured"}
{"timestamp":"2025-10-24T09:46:52.488Z","level":"INFO","message":"MongoDB Connected Successfully","host":"ac-tcrbnhx-shard-00-00.igezekd.mongodb.net","database":"academic_management","port":27017}
{"timestamp":"2025-10-24T09:46:52.490Z","level":"INFO","message":"Checking for Master Admin user"}
{"timestamp":"2025-10-24T09:46:52.856Z","level":"INFO","message":"Master Admin already exists","email":"carelinkdesk@gmail.com","hasLoggedIn":true}
{"timestamp":"2025-10-24T09:46:53.344Z","level":"INFO","message":"✓ Email service connection verified successfully"}
{"timestamp":"2025-10-24T09:47:09.966Z","level":"INFO","message":"Get current user request","userId":"68e377674ca3ead847bbb057"}
{"timestamp":"2025-10-24T09:47:10.145Z","level":"INFO","message":"Get current user request","userId":"68e377674ca3ead847bbb057"}
{"timestamp":"2025-10-27T16:25:50.336Z","level":"INFO","message":"Attempting to connect to MongoDB","uri":"URI provided"}
{"timestamp":"2025-10-27T16:25:50.477Z","level":"INFO","message":"Initializing Email Service","host":"smtp.gmail.com","port":587,"secure":false,"environment":"development","user":"Configured"}
{"timestamp":"2025-10-27T16:25:51.478Z","level":"INFO","message":"MongoDB Connected Successfully","host":"ac-tcrbnhx-shard-00-00.igezekd.mongodb.net","database":"academic_management","port":27017}
{"timestamp":"2025-10-27T16:25:51.480Z","level":"INFO","message":"Checking for Master Admin user"}
{"timestamp":"2025-10-27T16:25:51.828Z","level":"INFO","message":"Master Admin already exists","email":"carelinkdesk@gmail.com","hasLoggedIn":true}
{"timestamp":"2025-10-27T16:25:52.483Z","level":"INFO","message":"✓ Email service connection verified successfully"}
{"timestamp":"2025-10-27T16:26:12.904Z","level":"INFO","message":"Login attempt","email":"carelinkdesk@gmail.com"}
{"timestamp":"2025-10-27T16:26:13.488Z","level":"INFO","message":"Authentication Event","event":"LOGIN_SUCCESS","userId":"68e353c534d8884ad5c59fad","userEmail":"carelinkdesk@gmail.com","userRole":"master_admin","ip":"::1"}
{"timestamp":"2025-10-27T16:26:13.499Z","level":"INFO","message":"Login successful","userId":"68e353c534d8884ad5c59fad","email":"carelinkdesk@gmail.com","role":"master_admin"}
{"timestamp":"2025-10-27T16:26:13.599Z","level":"INFO","message":"Fetching dashboard analytics","userId":"68e353c534d8884ad5c59fad"}
{"timestamp":"2025-10-27T16:26:14.400Z","level":"INFO","message":"Dashboard analytics fetched successfully","totalColleges":1,"totalStudents":16,"activeExams":1,"recentActivityCount":8}
{"timestamp":"2025-10-27T16:26:14.445Z","level":"INFO","message":"Fetching dashboard analytics","userId":"68e353c534d8884ad5c59fad"}
{"timestamp":"2025-10-27T16:26:15.180Z","level":"INFO","message":"Dashboard analytics fetched successfully","totalColleges":1,"totalStudents":16,"activeExams":1,"recentActivityCount":8}
{"timestamp":"2025-10-29T11:42:09.447Z","level":"INFO","message":"Attempting to connect to MongoDB","uri":"URI provided"}
{"timestamp":"2025-10-29T11:42:09.711Z","level":"INFO","message":"Initializing Email Service","host":"smtp.gmail.com","port":587,"secure":false,"environment":"development","user":"Configured"}
{"timestamp":"2025-10-29T11:42:11.162Z","level":"INFO","message":"MongoDB Connected Successfully","host":"ac-tcrbnhx-shard-00-00.igezekd.mongodb.net","database":"academic_management","port":27017}
{"timestamp":"2025-10-29T11:42:11.165Z","level":"INFO","message":"Checking for Master Admin user"}
{"timestamp":"2025-10-29T11:42:11.535Z","level":"INFO","message":"Master Admin already exists","email":"carelinkdesk@gmail.com","hasLoggedIn":true}
{"timestamp":"2025-10-29T11:42:12.011Z","level":"INFO","message":"✓ Email service connection verified successfully"}
{"timestamp":"2025-10-29T11:47:13.588Z","level":"INFO","message":"Attempting to connect to MongoDB","uri":"URI provided"}
{"timestamp":"2025-10-29T11:47:13.809Z","level":"INFO","message":"Initializing Email Service","host":"smtp.gmail.com","port":587,"secure":false,"environment":"development","user":"Configured"}
{"timestamp":"2025-10-29T11:47:15.151Z","level":"INFO","message":"MongoDB Connected Successfully","host":"ac-tcrbnhx-shard-00-00.igezekd.mongodb.net","database":"academic_management","port":27017}
{"timestamp":"2025-10-29T11:47:15.154Z","level":"INFO","message":"Checking for Master Admin user"}
{"timestamp":"2025-10-29T11:47:15.528Z","level":"INFO","message":"Master Admin already exists","email":"carelinkdesk@gmail.com","hasLoggedIn":true}
{"timestamp":"2025-10-29T11:47:16.557Z","level":"INFO","message":"✓ Email service connection verified successfully"}
{"timestamp":"2025-10-29T11:49:24.254Z","level":"INFO","message":"Login attempt","email":"carelinkdesk@gmail.com"}
{"timestamp":"2025-10-29T11:49:25.690Z","level":"INFO","message":"Authentication Event","event":"LOGIN_SUCCESS","userId":"68e353c534d8884ad5c59fad","userEmail":"carelinkdesk@gmail.com","userRole":"master_admin","ip":"::1"}
{"timestamp":"2025-10-29T11:49:25.707Z","level":"INFO","message":"Login successful","userId":"68e353c534d8884ad5c59fad","email":"carelinkdesk@gmail.com","role":"master_admin"}
{"timestamp":"2025-10-29T11:49:25.892Z","level":"INFO","message":"Fetching dashboard analytics","userId":"68e353c534d8884ad5c59fad"}
{"timestamp":"2025-10-29T11:49:26.817Z","level":"INFO","message":"Dashboard analytics fetched successfully","totalColleges":1,"totalStudents":16,"activeExams":3,"recentActivityCount":8}
{"timestamp":"2025-10-29T11:49:26.868Z","level":"INFO","message":"Fetching dashboard analytics","userId":"68e353c534d8884ad5c59fad"}
{"timestamp":"2025-10-29T11:49:27.534Z","level":"INFO","message":"Dashboard analytics fetched successfully","totalColleges":1,"totalStudents":16,"activeExams":3,"recentActivityCount":8}
{"timestamp":"2025-10-29T11:57:49.203Z","level":"INFO","message":"Login attempt","email":"carelinkdesk@gmail.com"}
{"timestamp":"2025-10-29T11:57:50.520Z","level":"INFO","message":"Authentication Event","event":"LOGIN_SUCCESS","userId":"68e353c534d8884ad5c59fad","userEmail":"carelinkdesk@gmail.com","userRole":"master_admin","ip":"::1"}
{"timestamp":"2025-10-29T11:57:50.530Z","level":"INFO","message":"Login successful","userId":"68e353c534d8884ad5c59fad","email":"carelinkdesk@gmail.com","role":"master_admin"}
{"timestamp":"2025-10-29T11:57:50.749Z","level":"INFO","message":"Fetching dashboard analytics","userId":"68e353c534d8884ad5c59fad"}
{"timestamp":"2025-10-29T11:57:51.527Z","level":"INFO","message":"Dashboard analytics fetched successfully","totalColleges":1,"totalStudents":16,"activeExams":3,"recentActivityCount":8}
{"timestamp":"2025-10-29T11:57:51.578Z","level":"INFO","message":"Fetching dashboard analytics","userId":"68e353c534d8884ad5c59fad"}
{"timestamp":"2025-10-29T11:57:52.209Z","level":"INFO","message":"Dashboard analytics fetched successfully","totalColleges":1,"totalStudents":16,"activeExams":3,"recentActivityCount":8}
{"timestamp":"2025-10-29T11:57:56.137Z","level":"INFO","message":"Get current user request","userId":"68e353c534d8884ad5c59fad"}
{"timestamp":"2025-10-29T11:57:56.223Z","level":"INFO","message":"Get current user request","userId":"68e353c534d8884ad5c59fad"}
{"timestamp":"2025-10-29T11:58:51.567Z","level":"INFO","message":"Login attempt","email":"bobbysarath006@gmail.com"}
{"timestamp":"2025-10-29T11:58:59.627Z","level":"INFO","message":"Attempting to connect to MongoDB","uri":"URI provided"}
{"timestamp":"2025-10-29T11:58:59.800Z","level":"INFO","message":"Initializing Email Service","host":"smtp.gmail.com","port":587,"secure":false,"environment":"development","user":"Configured"}
{"timestamp":"2025-10-29T11:59:01.832Z","level":"INFO","message":"MongoDB Connected Successfully","host":"ac-tcrbnhx-shard-00-00.igezekd.mongodb.net","database":"academic_management","port":27017}
{"timestamp":"2025-10-29T11:59:01.839Z","level":"INFO","message":"Checking for Master Admin user"}
{"timestamp":"2025-10-29T11:59:02.299Z","level":"INFO","message":"Master Admin already exists","email":"carelinkdesk@gmail.com","hasLoggedIn":true}
{"timestamp":"2025-10-29T11:59:02.598Z","level":"INFO","message":"✓ Email service connection verified successfully"}
{"timestamp":"2025-10-29T11:59:19.832Z","level":"INFO","message":"Login attempt","email":"bobbysarath006@gmail.com"}
{"timestamp":"2025-10-29T11:59:21.257Z","level":"INFO","message":"Authentication Event","event":"LOGIN_SUCCESS","userId":"68e377674ca3ead847bbb057","userEmail":"bobbysarath006@gmail.com","userRole":"college_admin","ip":"::1"}
{"timestamp":"2025-10-29T11:59:21.274Z","level":"INFO","message":"Login successful","userId":"68e377674ca3ead847bbb057","email":"bobbysarath006@gmail.com","role":"college_admin"}
{"timestamp":"2025-10-29T11:59:54.836Z","level":"INFO","message":"Get current user request","userId":"68e377674ca3ead847bbb057"}
{"timestamp":"2025-10-29T12:00:06.831Z","level":"INFO","message":"Get current user request","userId":"68e377674ca3ead847bbb057"}
{"timestamp":"2025-10-29T12:00:37.827Z","level":"INFO","message":"Get current user request","userId":"68e377674ca3ead847bbb057"}
{"timestamp":"2025-10-29T12:00:46.822Z","level":"INFO","message":"Get current user request","userId":"68e377674ca3ead847bbb057"}
{"timestamp":"2025-10-29T12:00:58.826Z","level":"INFO","message":"Get current user request","userId":"68e377674ca3ead847bbb057"}
{"timestamp":"2025-10-29T12:01:03.841Z","level":"INFO","message":"Get current user request","userId":"68e377674ca3ead847bbb057"}
{"timestamp":"2025-10-29T12:01:07.830Z","level":"INFO","message":"Get current user request","userId":"68e377674ca3ead847bbb057"}
{"timestamp":"2025-10-29T12:01:12.833Z","level":"INFO","message":"Get current user request","userId":"68e377674ca3ead847bbb057"}
{"timestamp":"2025-10-30T04:48:13.261Z","level":"INFO","message":"Attempting to connect to MongoDB","uri":"URI provided"}
{"timestamp":"2025-10-30T04:48:13.513Z","level":"INFO","message":"Initializing Email Service","host":"smtp.gmail.com","port":587,"secure":false,"environment":"development","user":"Configured"}
{"timestamp":"2025-10-30T04:48:15.110Z","level":"INFO","message":"MongoDB Connected Successfully","host":"ac-tcrbnhx-shard-00-00.igezekd.mongodb.net","database":"academic_management","port":27017}
{"timestamp":"2025-10-30T04:48:15.113Z","level":"INFO","message":"Checking for Master Admin user"}
{"timestamp":"2025-10-30T04:48:15.484Z","level":"INFO","message":"Master Admin already exists","email":"carelinkdesk@gmail.com","hasLoggedIn":true}
{"timestamp":"2025-10-30T04:48:15.897Z","level":"INFO","message":"✓ Email service connection verified successfully"}
{"timestamp":"2025-10-30T10:50:06.470Z","level":"INFO","message":"Attempting to connect to MongoDB","uri":"URI provided"}
{"timestamp":"2025-10-30T10:50:06.708Z","level":"INFO","message":"Initializing Email Service","host":"smtp.gmail.com","port":587,"secure":false,"environment":"development","user":"Configured"}
{"timestamp":"2025-10-30T10:50:07.903Z","level":"INFO","message":"MongoDB Connected Successfully","host":"ac-tcrbnhx-shard-00-00.igezekd.mongodb.net","database":"academic_management","port":27017}
{"timestamp":"2025-10-30T10:50:07.904Z","level":"INFO","message":"Checking for Master Admin user"}
{"timestamp":"2025-10-30T10:50:08.258Z","level":"INFO","message":"Master Admin already exists","email":"carelinkdesk@gmail.com","hasLoggedIn":true}
{"timestamp":"2025-10-30T10:50:08.863Z","level":"INFO","message":"✓ Email service connection verified successfully"}
{"timestamp":"2025-10-30T10:51:36.059Z","level":"INFO","message":"Attempting to connect to MongoDB","uri":"URI provided"}
{"timestamp":"2025-10-30T10:51:36.217Z","level":"INFO","message":"Initializing Email Service","host":"smtp.gmail.com","port":587,"secure":false,"environment":"development","user":"Configured"}
{"timestamp":"2025-10-30T10:51:37.276Z","level":"INFO","message":"MongoDB Connected Successfully","host":"ac-tcrbnhx-shard-00-00.igezekd.mongodb.net","database":"academic_management","port":27017}
{"timestamp":"2025-10-30T10:51:37.277Z","level":"INFO","message":"Checking for Master Admin user"}
{"timestamp":"2025-10-30T10:51:37.683Z","level":"INFO","message":"Master Admin already exists","email":"carelinkdesk@gmail.com","hasLoggedIn":true}
{"timestamp":"2025-10-30T10:51:38.174Z","level":"INFO","message":"✓ Email service connection verified successfully"}
{"timestamp":"2025-10-30T10:53:00.016Z","level":"INFO","message":"Login attempt","email":"carelinkdesk@gmail.com"}
{"timestamp":"2025-10-30T10:53:00.483Z","level":"INFO","message":"Authentication Event","event":"LOGIN_SUCCESS","userId":"68e353c534d8884ad5c59fad","userEmail":"carelinkdesk@gmail.com","userRole":"master_admin","ip":"::1"}
{"timestamp":"2025-10-30T10:53:00.489Z","level":"INFO","message":"Login successful","userId":"68e353c534d8884ad5c59fad","email":"carelinkdesk@gmail.com","role":"master_admin"}
{"timestamp":"2025-10-30T10:53:00.627Z","level":"INFO","message":"Fetching dashboard analytics","userId":"68e353c534d8884ad5c59fad"}
{"timestamp":"2025-10-30T10:53:01.886Z","level":"INFO","message":"Dashboard analytics fetched successfully","totalColleges":1,"totalStudents":16,"activeExams":2,"recentActivityCount":8}
{"timestamp":"2025-10-30T10:53:01.940Z","level":"INFO","message":"Fetching dashboard analytics","userId":"68e353c534d8884ad5c59fad"}
{"timestamp":"2025-10-30T10:53:02.845Z","level":"INFO","message":"Dashboard analytics fetched successfully","totalColleges":1,"totalStudents":16,"activeExams":2,"recentActivityCount":8}
{"timestamp":"2025-10-30T10:55:11.116Z","level":"INFO","message":"Get current user request","userId":"68e353c534d8884ad5c59fad"}
{"timestamp":"2025-10-30T10:55:11.217Z","level":"INFO","message":"Get current user request","userId":"68e353c534d8884ad5c59fad"}
{"timestamp":"2025-10-30T10:55:11.581Z","level":"INFO","message":"Fetching dashboard analytics","userId":"68e353c534d8884ad5c59fad"}
{"timestamp":"2025-10-30T10:55:12.362Z","level":"INFO","message":"Dashboard analytics fetched successfully","totalColleges":1,"totalStudents":16,"activeExams":2,"recentActivityCount":8}
{"timestamp":"2025-10-30T10:55:12.406Z","level":"INFO","message":"Fetching dashboard analytics","userId":"68e353c534d8884ad5c59fad"}
{"timestamp":"2025-10-30T10:55:13.397Z","level":"INFO","message":"Dashboard analytics fetched successfully","totalColleges":1,"totalStudents":16,"activeExams":2,"recentActivityCount":8}
{"timestamp":"2025-10-30T10:56:48.167Z","level":"INFO","message":"Fetching dashboard analytics","userId":"68e353c534d8884ad5c59fad"}
{"timestamp":"2025-10-30T10:56:49.100Z","level":"INFO","message":"Dashboard analytics fetched successfully","totalColleges":1,"totalStudents":16,"activeExams":2,"recentActivityCount":8}
{"timestamp":"2025-10-30T10:56:49.145Z","level":"INFO","message":"Fetching dashboard analytics","userId":"68e353c534d8884ad5c59fad"}
{"timestamp":"2025-10-30T10:56:49.840Z","level":"INFO","message":"Dashboard analytics fetched successfully","totalColleges":1,"totalStudents":16,"activeExams":2,"recentActivityCount":8}
{"timestamp":"2025-10-30T10:57:05.721Z","level":"INFO","message":"Get current user request","userId":"68e353c534d8884ad5c59fad"}
{"timestamp":"2025-10-30T10:57:05.800Z","level":"INFO","message":"Get current user request","userId":"68e353c534d8884ad5c59fad"}
{"timestamp":"2025-10-30T10:57:06.279Z","level":"INFO","message":"Fetching dashboard analytics","userId":"68e353c534d8884ad5c59fad"}
{"timestamp":"2025-10-30T10:57:07.084Z","level":"INFO","message":"Dashboard analytics fetched successfully","totalColleges":1,"totalStudents":16,"activeExams":2,"recentActivityCount":8}
{"timestamp":"2025-10-30T10:57:07.133Z","level":"INFO","message":"Fetching dashboard analytics","userId":"68e353c534d8884ad5c59fad"}
{"timestamp":"2025-10-30T10:57:07.922Z","level":"INFO","message":"Dashboard analytics fetched successfully","totalColleges":1,"totalStudents":16,"activeExams":2,"recentActivityCount":8}
{"timestamp":"2025-10-30T10:59:38.055Z","level":"INFO","message":"Get current user request","userId":"68e353c534d8884ad5c59fad"}
{"timestamp":"2025-10-30T10:59:38.133Z","level":"INFO","message":"Get current user request","userId":"68e353c534d8884ad5c59fad"}
{"timestamp":"2025-10-30T10:59:38.562Z","level":"INFO","message":"Fetching dashboard analytics","userId":"68e353c534d8884ad5c59fad"}
{"timestamp":"2025-10-30T10:59:39.276Z","level":"INFO","message":"Dashboard analytics fetched successfully","totalColleges":1,"totalStudents":16,"activeExams":2,"recentActivityCount":8}
{"timestamp":"2025-10-30T10:59:39.319Z","level":"INFO","message":"Fetching dashboard analytics","userId":"68e353c534d8884ad5c59fad"}
{"timestamp":"2025-10-30T10:59:40.010Z","level":"INFO","message":"Dashboard analytics fetched successfully","totalColleges":1,"totalStudents":16,"activeExams":2,"recentActivityCount":8}
{"timestamp":"2025-11-01T06:36:03.788Z","level":"INFO","message":"Attempting to connect to MongoDB","uri":"URI provided"}
{"timestamp":"2025-11-01T06:36:04.247Z","level":"INFO","message":"Initializing Email Service","host":"smtp.gmail.com","port":587,"secure":false,"environment":"development","user":"Configured"}
{"timestamp":"2025-11-01T06:36:06.374Z","level":"INFO","message":"MongoDB Connected Successfully","host":"ac-tcrbnhx-shard-00-00.igezekd.mongodb.net","database":"academic_management","port":27017}
{"timestamp":"2025-11-01T06:36:06.376Z","level":"INFO","message":"Checking for Master Admin user"}
{"timestamp":"2025-11-01T06:36:06.752Z","level":"INFO","message":"Master Admin already exists","email":"carelinkdesk@gmail.com","hasLoggedIn":true}
{"timestamp":"2025-11-01T06:36:07.157Z","level":"INFO","message":"✓ Email service connection verified successfully"}
{"timestamp":"2025-11-01T06:37:00.483Z","level":"INFO","message":"Login attempt","email":"mvgradmin@gmail.com"}
{"timestamp":"2025-11-01T06:37:15.951Z","level":"INFO","message":"Login attempt","email":"mvgradmin@gmail.com"}
{"timestamp":"2025-11-01T06:38:38.537Z","level":"INFO","message":"Login attempt","email":"ramarevanthgokavarapu@gmail.com"}
{"timestamp":"2025-11-01T06:38:39.981Z","level":"INFO","message":"Authentication Event","event":"LOGIN_SUCCESS","userId":"68efb9a094d0fb7785e1ce9a","userEmail":"ramarevanthgokavarapu@gmail.com","userRole":"faculty","ip":"::1"}
{"timestamp":"2025-11-01T06:38:39.996Z","level":"INFO","message":"Login successful","userId":"68efb9a094d0fb7785e1ce9a","email":"ramarevanthgokavarapu@gmail.com","role":"faculty"}
